<?xml version="1.0" encoding="UTF-8"?>
<testsuites name="Mocha Tests" time="0.002" tests="1" failures="0">
  <testsuite name="Root Suite" timestamp="2017-01-11T16:42:51" tests="0" failures="0" time="0">
  </testsuite>
  <testsuite name="bnp" timestamp="2017-01-11T16:42:51" tests="0" file="/home/agraeper/bnp/test/index.js" failures="0" time="0">
  </testsuite>
  <testsuite name="app" timestamp="2017-01-11T16:42:51" tests="1" file="/home/agraeper/bnp/test/index.js" failures="0" time="0.002">
    <testcase name="bnp app will hopefully soon get better tests" time="0.002" classname="will hopefully soon get better tests">
    </testcase>
  </testsuite>
</testsuites>